<?xml version="1.0" encoding="UTF-8"?>
<testng-results ignored="0" total="1" passed="1" failed="0" skipped="0">
  <reporter-output>
    <line>
      <![CDATA[Create Customer]]>
    </line>
  </reporter-output>
  <suite started-at="2022-05-05T13:23:20Z" name="Default suite" finished-at="2022-05-05T13:23:20Z" duration-ms="21">
    <groups>
    </groups>
    <test started-at="2022-05-05T13:23:20Z" name="Default test" finished-at="2022-05-05T13:23:20Z" duration-ms="21">
      <class name="com.actitime.testscript.CustomerModule">
        <test-method signature="createCustomer()[pri:0, instance:com.actitime.testscript.CustomerModule@302f7971]" started-at="2022-05-05T13:23:20Z" name="createCustomer" finished-at="2022-05-05T13:23:20Z" duration-ms="6" status="PASS">
          <reporter-output>
            <line>
              <![CDATA[Create Customer]]>
            </line>
          </reporter-output>
        </test-method> <!-- createCustomer -->
      </class> <!-- com.actitime.testscript.CustomerModule -->
    </test> <!-- Default test -->
  </suite> <!-- Default suite -->
</testng-results>
